epoch,loss_data,loss_phys,loss_total
0,0.21393422,0.00033613,0.21393758
10,0.10774386,0.01739245,0.10791779
20,0.10120979,0.04384112,0.10164820
30,0.09647478,0.02334480,0.09670823
40,0.09341602,0.02749002,0.09369092
50,0.09127720,0.02730959,0.09155029
60,0.08945956,0.02738739,0.08973343
70,0.08786384,0.03196802,0.08818352
80,0.08656402,0.03587721,0.08692279
90,0.08548805,0.04318128,0.08591986
100,0.08462518,0.05130264,0.08513821
110,0.08391395,0.06135229,0.08452748
120,0.08331221,0.07207890,0.08403300
130,0.08276990,0.08318461,0.08360175
140,0.08224470,0.09444907,0.08318919
150,0.08170609,0.10561261,0.08276222
160,0.08112877,0.11694730,0.08229824
170,0.08049636,0.12860471,0.08178240
180,0.07979657,0.14079443,0.08120451
190,0.07901970,0.15372852,0.08055698
200,0.07815856,0.16751720,0.07983373
210,0.07720810,0.18218805,0.07902998
220,0.07616528,0.19769587,0.07814224
230,0.07502934,0.21389896,0.07716833
240,0.07380189,0.23053380,0.07610723
250,0.07248658,0.24723521,0.07495893
260,0.07108883,0.26356087,0.07372444
270,0.06961536,0.27902798,0.07240564
280,0.06807362,0.29315460,0.07100516
290,0.06647131,0.30550013,0.06952631
300,0.06481594,0.31569650,0.06797290
310,0.06311461,0.32346893,0.06634930
320,0.06137405,0.32864575,0.06466050
330,0.05960055,0.33115675,0.06291212
340,0.05779982,0.33102636,0.06111008
350,0.05597630,0.32837220,0.05926002
360,0.05413211,0.32341427,0.05736625
370,0.05226574,0.31648953,0.05543063
380,0.05037101,0.30805827,0.05345159
390,0.04843678,0.29868968,0.05142368
400,0.04644785,0.28902187,0.04933806
410,0.04438712,0.27970154,0.04718414
420,0.04223887,0.27131437,0.04495202
430,0.03999228,0.26431800,0.04263546
440,0.03764475,0.25898547,0.04023460
450,0.03520432,0.25536272,0.03775795
460,0.03269107,0.25324261,0.03522349
470,0.03013709,0.25216016,0.03265869
480,0.02758494,0.25141615,0.03009910
490,0.02508437,0.25013917,0.02758576
500,0.02268776,0.24739710,0.02516173
510,0.02044478,0.24235707,0.02286835
520,0.01839715,0.23446272,0.02074177
530,0.01657442,0.22356831,0.01881010
540,0.01499163,0.20997270,0.01709136
550,0.01364900,0.19433714,0.01559237
560,0.01253363,0.17752128,0.01430884
570,0.01162254,0.16040204,0.01322656
580,0.01088648,0.14373338,0.01232382
590,0.01029384,0.12807280,0.01157456
600,0.00981398,0.11376873,0.01095167
610,0.00941984,0.10098708,0.01042971
620,0.00908924,0.08975455,0.00998678
630,0.00880523,0.08000303,0.00960526
640,0.00855557,0.07160768,0.00927165
650,0.00833180,0.06441600,0.00897596
660,0.00812821,0.05826840,0.00871089
670,0.00794094,0.05301134,0.00847105
680,0.00776731,0.04850490,0.00825236
690,0.00760532,0.04462624,0.00805158
700,0.00745337,0.04127035,0.00786608
710,0.00731013,0.03834924,0.00769362
720,0.00717438,0.03579012,0.00753228
730,0.00704508,0.03353339,0.00738041
740,0.00692127,0.03153051,0.00723657
750,0.00680211,0.02974197,0.00709953
760,0.00668687,0.02813566,0.00696822
770,0.00657491,0.02668533,0.00684177
780,0.00646571,0.02536945,0.00671940
790,0.00635879,0.02417021,0.00660049
800,0.00625380,0.02307279,0.00648452
810,0.00615040,0.02206479,0.00637105
820,0.00604837,0.02113571,0.00625973
830,0.00594749,0.02027664,0.00615025
840,0.00584760,0.01947995,0.00604240
850,0.00574858,0.01873910,0.00593597
860,0.00565034,0.01804841,0.00583083
870,0.00555283,0.01740295,0.00572686
880,0.00545599,0.01679841,0.00562398
890,0.00535981,0.01623099,0.00552212
900,0.00526429,0.01569737,0.00542126
910,0.00516942,0.01519457,0.00532137
920,0.00507524,0.01471996,0.00522244
930,0.00498178,0.01427117,0.00512449
940,0.00488907,0.01384608,0.00502753
950,0.00479716,0.01344278,0.00493159
960,0.00470610,0.01305953,0.00483669
970,0.00461594,0.01269475,0.00474289
980,0.00452675,0.01234702,0.00465022
990,0.00443857,0.01201501,0.00455872
1000,0.00435146,0.01169752,0.00446843
1010,0.00426548,0.01139343,0.00437941
1020,0.00418068,0.01110174,0.00429169
1030,0.00409710,0.01082149,0.00420531
1040,0.00401478,0.01055184,0.00412030
1050,0.00393377,0.01029198,0.00403668
1060,0.00385407,0.01004120,0.00395448
1070,0.00377571,0.00979882,0.00387370
1080,0.00369869,0.00956426,0.00379434
1090,0.00362302,0.00933697,0.00371639
1100,0.00354866,0.00911648,0.00363983
1110,0.00347561,0.00890237,0.00356463
1120,0.00340380,0.00869428,0.00349075
1130,0.00333321,0.00849191,0.00341813
1140,0.00326377,0.00829500,0.00334672
1150,0.00319540,0.00810336,0.00327644
1160,0.00312804,0.00791684,0.00320720
1170,0.00306158,0.00773534,0.00313894
1180,0.00299595,0.00755879,0.00307154
1190,0.00293105,0.00738717,0.00300492
1200,0.00286677,0.00722048,0.00293897
1210,0.00280301,0.00705876,0.00287360
1220,0.00273968,0.00690205,0.00280870
1230,0.00267668,0.00675040,0.00274419
1240,0.00261393,0.00660387,0.00267996
1250,0.00255132,0.00646253,0.00261595
1260,0.00248880,0.00632643,0.00255206
1270,0.00242629,0.00619560,0.00248824
1280,0.00236374,0.00607006,0.00242444
1290,0.00230111,0.00594981,0.00236060
1300,0.00223837,0.00583482,0.00229672
1310,0.00217551,0.00572502,0.00223276
1320,0.00211254,0.00562033,0.00216874
1330,0.00204948,0.00552062,0.00210469
1340,0.00198637,0.00542573,0.00204063
1350,0.00192326,0.00533545,0.00197662
1360,0.00186024,0.00524955,0.00191274
1370,0.00179740,0.00516775,0.00184907
1380,0.00173483,0.00508973,0.00178573
1390,0.00167271,0.00501500,0.00172286
1400,0.00164185,0.00493799,0.00169123
1410,0.00155636,0.00487521,0.00160511
1420,0.00150111,0.00480932,0.00154921
1430,0.00144258,0.00474593,0.00149004
1440,0.00138791,0.00468347,0.00143475
1450,0.00133537,0.00462095,0.00138158
1460,0.00128389,0.00455874,0.00132948
1470,0.00123394,0.00449706,0.00127891
1480,0.00118559,0.00443569,0.00122995
1490,0.00113891,0.00437435,0.00118266
1500,0.00109400,0.00431281,0.00113713
1510,0.00105093,0.00425086,0.00109344
1520,0.00100977,0.00418838,0.00105165
1530,0.00097057,0.00412525,0.00101182
1540,0.00093335,0.00406141,0.00097397
1550,0.00089814,0.00399681,0.00093811
1560,0.00086493,0.00393147,0.00090425
1570,0.00083370,0.00386540,0.00087235
1580,0.00080440,0.00379867,0.00084239
1590,0.00077699,0.00373136,0.00081430
1600,0.00075139,0.00366357,0.00078803
1610,0.00072755,0.00359544,0.00076350
1620,0.00070536,0.00352710,0.00074063
1630,0.00068474,0.00345869,0.00071933
1640,0.00066560,0.00339037,0.00069951
1650,0.00064783,0.00332229,0.00068106
1660,0.00063134,0.00325460,0.00066389
1670,0.00061602,0.00318746,0.00064790
1680,0.00060179,0.00312100,0.00063300
1690,0.00058854,0.00305536,0.00061909
1700,0.00057618,0.00299065,0.00060609
1710,0.00056464,0.00292699,0.00059391
1720,0.00055383,0.00286447,0.00058248
1730,0.00054368,0.00280318,0.00057171
1740,0.00053413,0.00274318,0.00056156
1750,0.00052510,0.00268453,0.00055195
1760,0.00051655,0.00262730,0.00054282
1770,0.00050842,0.00257149,0.00053414
1780,0.00050068,0.00251716,0.00052585
1790,0.00049329,0.00246439,0.00051794
1800,0.00050537,0.00241557,0.00052953
1810,0.00049170,0.00236476,0.00051535
1820,0.00047367,0.00232338,0.00049691
1830,0.00047019,0.00228204,0.00049301
1840,0.00046305,0.00224036,0.00048546
1850,0.00045687,0.00219949,0.00047887
1860,0.00045166,0.00215995,0.00047326
1870,0.00044649,0.00212165,0.00046770
1880,0.00044142,0.00208444,0.00046227
1890,0.00043649,0.00204825,0.00045697
1900,0.00043167,0.00201305,0.00045180
1910,0.00042695,0.00197886,0.00044674
1920,0.00042233,0.00194564,0.00044178
1930,0.00041779,0.00191339,0.00043692
1940,0.00041333,0.00188206,0.00043215
1950,0.00040896,0.00185162,0.00042747
1960,0.00040466,0.00182206,0.00042288
1970,0.00040043,0.00179334,0.00041837
1980,0.00039628,0.00176543,0.00041393
1990,0.00039219,0.00173830,0.00040958
2000,0.00038817,0.00171193,0.00040529
2010,0.00038422,0.00168628,0.00040108
2020,0.00038033,0.00166134,0.00039694
2030,0.00037650,0.00163707,0.00039287
2040,0.00037273,0.00161345,0.00038886
2050,0.00036901,0.00159045,0.00038492
2060,0.00036536,0.00156806,0.00038104
2070,0.00036176,0.00154625,0.00037722
2080,0.00035822,0.00152499,0.00037347
2090,0.00035473,0.00150427,0.00036977
2100,0.00035129,0.00148406,0.00036613
2110,0.00034790,0.00146435,0.00036255
2120,0.00034457,0.00144512,0.00035902
2130,0.00034128,0.00142634,0.00035555
2140,0.00033805,0.00140798,0.00035213
2150,0.00033723,0.00138943,0.00035113
2160,0.00033183,0.00137337,0.00034556
2170,0.00033020,0.00135884,0.00034379
2180,0.00033087,0.00134445,0.00034431
2190,0.00032479,0.00132922,0.00033809
2200,0.00032085,0.00131409,0.00033399
2210,0.00031833,0.00129947,0.00033133
2220,0.00031570,0.00128530,0.00032855
2230,0.00031307,0.00127141,0.00032579
2240,0.00031052,0.00125775,0.00032309
2250,0.00030800,0.00124432,0.00032045
2260,0.00030552,0.00123113,0.00031784
2270,0.00030308,0.00121816,0.00031526
2280,0.00030066,0.00120543,0.00031271
2290,0.00029826,0.00119292,0.00031019
2300,0.00029590,0.00118062,0.00030770
2310,0.00029356,0.00116853,0.00030524
2320,0.00029125,0.00115664,0.00030281
2330,0.00028896,0.00114495,0.00030041
2340,0.00028670,0.00113345,0.00029804
2350,0.00028447,0.00112214,0.00029569
2360,0.00028226,0.00111100,0.00029337
2370,0.00028007,0.00110005,0.00029107
2380,0.00027791,0.00108926,0.00028880
2390,0.00027577,0.00107864,0.00028655
2400,0.00027365,0.00106819,0.00028433
2410,0.00027155,0.00105789,0.00028213
2420,0.00026948,0.00104775,0.00027996
2430,0.00026743,0.00103776,0.00027780
2440,0.00026539,0.00102792,0.00027567
2450,0.00026338,0.00101822,0.00027356
2460,0.00026139,0.00100867,0.00027148
2470,0.00025942,0.00099925,0.00026941
2480,0.00025746,0.00098997,0.00026736
2490,0.00025553,0.00098082,0.00026534
2500,0.00025363,0.00097175,0.00026335
2510,0.00026364,0.00096178,0.00027326
2520,0.00029095,0.00095697,0.00030052
2530,0.00026084,0.00094859,0.00027032
2540,0.00024682,0.00094004,0.00025622
2550,0.00024587,0.00093189,0.00025519
2560,0.00024390,0.00092426,0.00025314
2570,0.00024174,0.00091682,0.00025091
2580,0.00024009,0.00090941,0.00024919
2590,0.00023851,0.00090202,0.00024753
2600,0.00023693,0.00089470,0.00024587
2610,0.00023535,0.00088748,0.00024422
2620,0.00023378,0.00088035,0.00024259
2630,0.00023223,0.00087333,0.00024097
2640,0.00023069,0.00086639,0.00023935
2650,0.00022916,0.00085953,0.00023775
2660,0.00022763,0.00085276,0.00023616
2670,0.00022612,0.00084607,0.00023458
2680,0.00022461,0.00083947,0.00023301
2690,0.00022311,0.00083294,0.00023144
2700,0.00022163,0.00082649,0.00022989
2710,0.00022014,0.00082011,0.00022835
2720,0.00021867,0.00081381,0.00022681
2730,0.00021721,0.00080758,0.00022528
2740,0.00021575,0.00080143,0.00022376
2750,0.00021430,0.00079535,0.00022225
2760,0.00021286,0.00078934,0.00022075
2770,0.00021142,0.00078340,0.00021925
2780,0.00020999,0.00077752,0.00021777
2790,0.00020857,0.00077172,0.00021629
2800,0.00020715,0.00076599,0.00021481
2810,0.00020574,0.00076032,0.00021335
2820,0.00020434,0.00075471,0.00021189
2830,0.00020294,0.00074918,0.00021043
2840,0.00020155,0.00074370,0.00020899
2850,0.00020017,0.00073829,0.00020755
2860,0.00019879,0.00073295,0.00020612
2870,0.00019741,0.00072767,0.00020469
2880,0.00019691,0.00072268,0.00020413
2890,0.00026270,0.00071953,0.00026990
2900,0.00021406,0.00071430,0.00022120
2910,0.00019312,0.00070902,0.00020021
2920,0.00019217,0.00070396,0.00019921
2930,0.00019086,0.00069935,0.00019785
2940,0.00018876,0.00069492,0.00019571
2950,0.00018745,0.00069049,0.00019436
2960,0.00018628,0.00068605,0.00019314
2970,0.00018508,0.00068164,0.00019190
2980,0.00018389,0.00067729,0.00019066
2990,0.00018271,0.00067299,0.00018943
3000,0.00018152,0.00066875,0.00018821
3010,0.00018035,0.00066456,0.00018699
3020,0.00017917,0.00066041,0.00018578
3030,0.00017800,0.00065631,0.00018456
3040,0.00017683,0.00065226,0.00018335
3050,0.00017567,0.00064824,0.00018215
3060,0.00017450,0.00064427,0.00018095
3070,0.00017334,0.00064034,0.00017975
3080,0.00017218,0.00063646,0.00017855
3090,0.00017103,0.00063261,0.00017735
3100,0.00016987,0.00062881,0.00017616
3110,0.00016872,0.00062505,0.00017497
3120,0.00016758,0.00062133,0.00017379
3130,0.00016643,0.00061765,0.00017261
3140,0.00016529,0.00061400,0.00017143
3150,0.00016415,0.00061040,0.00017025
3160,0.00016301,0.00060684,0.00016908
3170,0.00016187,0.00060331,0.00016791
3180,0.00016074,0.00059982,0.00016674
3190,0.00015961,0.00059637,0.00016557
3200,0.00015848,0.00059296,0.00016441
3210,0.00015736,0.00058958,0.00016325
3220,0.00015624,0.00058624,0.00016210
3230,0.00015512,0.00058294,0.00016095
3240,0.00015400,0.00057967,0.00015980
3250,0.00015289,0.00057644,0.00015865
3260,0.00015185,0.00057329,0.00015758
3270,0.00018524,0.00057130,0.00019095
3280,0.00017130,0.00056656,0.00017697
3290,0.00014915,0.00056475,0.00015480
3300,0.00014993,0.00056239,0.00015555
3310,0.00014824,0.00055945,0.00015384
3320,0.00014581,0.00055639,0.00015137
3330,0.00014476,0.00055347,0.00015030
3340,0.00014382,0.00055067,0.00014933
3350,0.00014282,0.00054795,0.00014830
3360,0.00014184,0.00054526,0.00014729
3370,0.00014087,0.00054261,0.00014629
3380,0.00013990,0.00053998,0.00014530
3390,0.00013894,0.00053737,0.00014432
3400,0.00013798,0.00053479,0.00014333
3410,0.00013703,0.00053224,0.00014235
3420,0.00013608,0.00052971,0.00014137
3430,0.00013513,0.00052720,0.00014040
3440,0.00013418,0.00052472,0.00013943
3450,0.00013323,0.00052227,0.00013846
3460,0.00013229,0.00051984,0.00013749
3470,0.00013135,0.00051743,0.00013653
3480,0.00013042,0.00051505,0.00013557
3490,0.00012948,0.00051269,0.00013461
3500,0.00012855,0.00051036,0.00013366
3510,0.00012763,0.00050804,0.00013271
3520,0.00012670,0.00050575,0.00013176
3530,0.00012578,0.00050349,0.00013082
3540,0.00012487,0.00050124,0.00012988
3550,0.00012395,0.00049902,0.00012894
3560,0.00012304,0.00049682,0.00012801
3570,0.00012214,0.00049464,0.00012708
3580,0.00012123,0.00049249,0.00012616
3590,0.00012034,0.00049035,0.00012524
3600,0.00011944,0.00048824,0.00012432
3610,0.00011855,0.00048614,0.00012341
3620,0.00011766,0.00048407,0.00012250
3630,0.00011678,0.00048201,0.00012160
3640,0.00011590,0.00047998,0.00012070
3650,0.00011503,0.00047797,0.00011981
3660,0.00011438,0.00047606,0.00011914
3670,0.00019581,0.00047561,0.00020057
3680,0.00011916,0.00047300,0.00012389
3690,0.00012195,0.00047147,0.00012666
3700,0.00011300,0.00046936,0.00011769
3710,0.00011033,0.00046721,0.00011500
3720,0.00010992,0.00046529,0.00011458
3730,0.00010885,0.00046354,0.00011349
3740,0.00010799,0.00046182,0.00011261
3750,0.00010725,0.00046011,0.00011185
3760,0.00010651,0.00045840,0.00011110
3770,0.00010578,0.00045670,0.00011035
3780,0.00010505,0.00045501,0.00010960
3790,0.00010432,0.00045334,0.00010886
3800,0.00010360,0.00045169,0.00010812
3810,0.00010288,0.00045005,0.00010739
3820,0.00010217,0.00044842,0.00010666
3830,0.00010146,0.00044681,0.00010593
3840,0.00010076,0.00044521,0.00010521
3850,0.00010006,0.00044362,0.00010449
3860,0.00009936,0.00044205,0.00010378
3870,0.00009867,0.00044049,0.00010307
3880,0.00009798,0.00043894,0.00010237
3890,0.00009729,0.00043741,0.00010167
3900,0.00009661,0.00043589,0.00010097
3910,0.00009594,0.00043438,0.00010028
3920,0.00009527,0.00043289,0.00009959
3930,0.00009460,0.00043140,0.00009891
3940,0.00009394,0.00042993,0.00009824
3950,0.00009328,0.00042847,0.00009756
3960,0.00009263,0.00042702,0.00009690
3970,0.00009198,0.00042558,0.00009623
3980,0.00009133,0.00042416,0.00009557
3990,0.00009069,0.00042274,0.00009492
4000,0.00009006,0.00042134,0.00009427
4010,0.00008943,0.00041995,0.00009363
4020,0.00008880,0.00041857,0.00009299
4030,0.00008818,0.00041720,0.00009235
4040,0.00008757,0.00041584,0.00009172
4050,0.00008696,0.00041448,0.00009110
4060,0.00008635,0.00041314,0.00009048
4070,0.00008575,0.00041181,0.00008987
4080,0.00008645,0.00041032,0.00009055
4090,0.00013116,0.00040831,0.00013525
4100,0.00009468,0.00040793,0.00009876
4110,0.00008396,0.00040736,0.00008803
4120,0.00008578,0.00040624,0.00008984
4130,0.00008292,0.00040480,0.00008697
4140,0.00008203,0.00040343,0.00008606
4150,0.00008161,0.00040219,0.00008563
4160,0.00008103,0.00040103,0.00008504
4170,0.00008050,0.00039988,0.00008450
4180,0.00008001,0.00039873,0.00008400
4190,0.00007952,0.00039758,0.00008350
4200,0.00007904,0.00039643,0.00008300
4210,0.00007856,0.00039529,0.00008251
4220,0.00007808,0.00039415,0.00008202
4230,0.00007761,0.00039302,0.00008154
4240,0.00007714,0.00039190,0.00008106
4250,0.00007667,0.00039079,0.00008058
4260,0.00007621,0.00038969,0.00008011
4270,0.00007575,0.00038859,0.00007964
4280,0.00007530,0.00038750,0.00007917
4290,0.00007484,0.00038641,0.00007871
4300,0.00007440,0.00038534,0.00007825
4310,0.00007395,0.00038427,0.00007779
4320,0.00007351,0.00038320,0.00007734
4330,0.00007307,0.00038215,0.00007689
4340,0.00007264,0.00038110,0.00007645
4350,0.00007221,0.00038005,0.00007601
4360,0.00007178,0.00037902,0.00007557
4370,0.00007136,0.00037799,0.00007514
4380,0.00007094,0.00037696,0.00007471
4390,0.00007052,0.00037594,0.00007428
4400,0.00007011,0.00037493,0.00007386
4410,0.00006970,0.00037393,0.00007344
4420,0.00006929,0.00037293,0.00007302
4430,0.00006889,0.00037194,0.00007261
4440,0.00006849,0.00037095,0.00007220
4450,0.00006809,0.00036997,0.00007179
4460,0.00006770,0.00036900,0.00007139
4470,0.00006731,0.00036803,0.00007099
4480,0.00006692,0.00036707,0.00007059
4490,0.00006654,0.00036611,0.00007020
4500,0.00006616,0.00036516,0.00006981
4510,0.00006632,0.00036432,0.00006996
4520,0.00015975,0.00036467,0.00016340
4530,0.00009269,0.00036346,0.00009632
4540,0.00006828,0.00036221,0.00007190
4550,0.00006520,0.00036091,0.00006881
4560,0.00006527,0.00035994,0.00006887
4570,0.00006386,0.00035914,0.00006745
4580,0.00006353,0.00035833,0.00006711
4590,0.00006322,0.00035749,0.00006680
4600,0.00006287,0.00035664,0.00006644
4610,0.00006255,0.00035579,0.00006611
4620,0.00006225,0.00035495,0.00006580
4630,0.00006194,0.00035412,0.00006548
4640,0.00006164,0.00035329,0.00006517
4650,0.00006134,0.00035247,0.00006487
4660,0.00006104,0.00035165,0.00006456
4670,0.00006075,0.00035084,0.00006426
4680,0.00006046,0.00035004,0.00006396
4690,0.00006016,0.00034924,0.00006366
4700,0.00005987,0.00034844,0.00006336
4710,0.00005959,0.00034765,0.00006306
4720,0.00005930,0.00034686,0.00006277
4730,0.00005902,0.00034608,0.00006248
4740,0.00005874,0.00034530,0.00006219
4750,0.00005846,0.00034453,0.00006190
4760,0.00005818,0.00034377,0.00006162
4770,0.00005791,0.00034300,0.00006134
4780,0.00005763,0.00034225,0.00006105
4790,0.00005736,0.00034149,0.00006078
4800,0.00005709,0.00034075,0.00006050
4810,0.00005682,0.00034001,0.00006022
4820,0.00005656,0.00033927,0.00005995
4830,0.00005629,0.00033854,0.00005968
4840,0.00005603,0.00033781,0.00005941
4850,0.00005577,0.00033708,0.00005914
4860,0.00005551,0.00033637,0.00005887
4870,0.00005525,0.00033565,0.00005861
4880,0.00005500,0.00033495,0.00005835
4890,0.00005475,0.00033424,0.00005809
4900,0.00005449,0.00033354,0.00005783
4910,0.00005424,0.00033285,0.00005757
4920,0.00005399,0.00033216,0.00005732
4930,0.00005375,0.00033148,0.00005706
4940,0.00005350,0.00033080,0.00005681
4950,0.00005327,0.00033011,0.00005657
4960,0.00005947,0.00032914,0.00006276
4970,0.00007583,0.00032960,0.00007912
4980,0.00006950,0.00032906,0.00007279
4990,0.00005445,0.00032810,0.00005773
5000,0.00005303,0.00032712,0.00005630
5010,0.00005263,0.00032646,0.00005590
5020,0.00005176,0.00032593,0.00005502
5030,0.00005163,0.00032537,0.00005488
5040,0.00005138,0.00032476,0.00005463
5050,0.00005115,0.00032416,0.00005440
5060,0.00005095,0.00032356,0.00005419
5070,0.00005076,0.00032297,0.00005399
5080,0.00005056,0.00032238,0.00005378
5090,0.00005036,0.00032180,0.00005358
5100,0.00005016,0.00032123,0.00005338
5110,0.00004997,0.00032066,0.00005318
5120,0.00004978,0.00032009,0.00005298
5130,0.00004958,0.00031953,0.00005278
5140,0.00004939,0.00031897,0.00005258
5150,0.00004920,0.00031842,0.00005239
5160,0.00004901,0.00031787,0.00005219
5170,0.00004882,0.00031732,0.00005200
5180,0.00004864,0.00031678,0.00005180
5190,0.00004845,0.00031624,0.00005161
5200,0.00004826,0.00031571,0.00005142
5210,0.00004808,0.00031518,0.00005123
5220,0.00004789,0.00031465,0.00005104
5230,0.00004771,0.00031413,0.00005085
5240,0.00004753,0.00031361,0.00005066
5250,0.00004735,0.00031310,0.00005048
5260,0.00004717,0.00031259,0.00005029
5270,0.00004699,0.00031209,0.00005011
5280,0.00004681,0.00031159,0.00004992
5290,0.00004663,0.00031109,0.00004974
5300,0.00004645,0.00031060,0.00004956
5310,0.00004628,0.00031012,0.00004938
5320,0.00004610,0.00030963,0.00004920
5330,0.00004593,0.00030915,0.00004902
5340,0.00004576,0.00030868,0.00004884
5350,0.00004558,0.00030821,0.00004867
5360,0.00004541,0.00030774,0.00004849
5370,0.00004524,0.00030728,0.00004831
5380,0.00004507,0.00030683,0.00004814
5390,0.00004490,0.00030637,0.00004797
5400,0.00004473,0.00030592,0.00004779
5410,0.00004457,0.00030548,0.00004762
5420,0.00004457,0.00030509,0.00004762
5430,0.00012048,0.00030567,0.00012353
5440,0.00005305,0.00030481,0.00005610
5450,0.00005461,0.00030449,0.00005766
5460,0.00004403,0.00030370,0.00004706
5470,0.00004469,0.00030305,0.00004772
5480,0.00004375,0.00030268,0.00004678
5490,0.00004341,0.00030235,0.00004643
5500,0.00004330,0.00030197,0.00004632
5510,0.00004311,0.00030156,0.00004613
5520,0.00004297,0.00030116,0.00004598
5530,0.00004283,0.00030077,0.00004584
5540,0.00004269,0.00030038,0.00004569
5550,0.00004255,0.00030000,0.00004555
5560,0.00004241,0.00029962,0.00004541
5570,0.00004228,0.00029925,0.00004527
5580,0.00004214,0.00029887,0.00004513
5590,0.00004201,0.00029851,0.00004499
5600,0.00004187,0.00029814,0.00004485
5610,0.00004174,0.00029778,0.00004472
5620,0.00004160,0.00029742,0.00004458
5630,0.00004147,0.00029707,0.00004444
5640,0.00004134,0.00029672,0.00004431
5650,0.00004121,0.00029637,0.00004417
5660,0.00004107,0.00029602,0.00004404
5670,0.00004094,0.00029568,0.00004390
5680,0.00004081,0.00029535,0.00004377
5690,0.00004068,0.00029501,0.00004363
5700,0.00004055,0.00029468,0.00004350
5710,0.00004042,0.00029435,0.00004337
5720,0.00004030,0.00029403,0.00004324
5730,0.00004017,0.00029371,0.00004310
5740,0.00004004,0.00029339,0.00004297
5750,0.00003991,0.00029308,0.00004284
5760,0.00003979,0.00029277,0.00004271
5770,0.00003966,0.00029246,0.00004258
5780,0.00003953,0.00029216,0.00004245
5790,0.00003941,0.00029186,0.00004233
5800,0.00003928,0.00029157,0.00004220
5810,0.00003916,0.00029127,0.00004207
5820,0.00003903,0.00029098,0.00004194
5830,0.00003891,0.00029070,0.00004182
5840,0.00003879,0.00029042,0.00004169
5850,0.00003867,0.00029014,0.00004157
5860,0.00003854,0.00028986,0.00004144
5870,0.00003842,0.00028959,0.00004132
5880,0.00003830,0.00028932,0.00004119
5890,0.00003818,0.00028905,0.00004107
5900,0.00003863,0.00028871,0.00004152
5910,0.00011441,0.00028761,0.00011729
5920,0.00005764,0.00028806,0.00006052
5930,0.00003774,0.00028833,0.00004063
5940,0.00004042,0.00028819,0.00004330
5950,0.00003767,0.00028773,0.00004055
5960,0.00003767,0.00028737,0.00004054
5970,0.00003742,0.00028714,0.00004029
5980,0.00003723,0.00028694,0.00004010
5990,0.00003714,0.00028671,0.00004001
6000,0.00003704,0.00028646,0.00003990
6010,0.00003693,0.00028621,0.00003979
6020,0.00003683,0.00028597,0.00003969
6030,0.00003673,0.00028573,0.00003959
6040,0.00003663,0.00028550,0.00003949
6050,0.00003653,0.00028527,0.00003939
6060,0.00003643,0.00028504,0.00003928
6070,0.00003634,0.00028481,0.00003918
6080,0.00003624,0.00028459,0.00003908
6090,0.00003614,0.00028437,0.00003898
6100,0.00003604,0.00028416,0.00003888
6110,0.00003594,0.00028394,0.00003878
6120,0.00003585,0.00028373,0.00003868
6130,0.00003575,0.00028352,0.00003859
6140,0.00003565,0.00028331,0.00003849
6150,0.00003556,0.00028311,0.00003839
6160,0.00003546,0.00028291,0.00003829
6170,0.00003537,0.00028271,0.00003819
6180,0.00003527,0.00028251,0.00003810
6190,0.00003518,0.00028232,0.00003800
6200,0.00003508,0.00028213,0.00003790
6210,0.00003499,0.00028194,0.00003781
6220,0.00003489,0.00028176,0.00003771
6230,0.00003480,0.00028158,0.00003762
6240,0.00003471,0.00028140,0.00003752
6250,0.00003461,0.00028122,0.00003743
6260,0.00003452,0.00028105,0.00003733
6270,0.00003443,0.00028087,0.00003724
6280,0.00003434,0.00028070,0.00003714
6290,0.00003424,0.00028054,0.00003705
6300,0.00003415,0.00028037,0.00003696
6310,0.00003406,0.00028021,0.00003686
6320,0.00003397,0.00028005,0.00003677
6330,0.00003388,0.00027990,0.00003668
6340,0.00003379,0.00027974,0.00003659
6350,0.00003370,0.00027959,0.00003649
6360,0.00003361,0.00027944,0.00003640
6370,0.00003352,0.00027930,0.00003631
6380,0.00003343,0.00027916,0.00003622
6390,0.00003343,0.00027905,0.00003622
6400,0.00008686,0.00027972,0.00008966
6410,0.00003439,0.00027909,0.00003718
6420,0.00004291,0.00027921,0.00004570
6430,0.00003351,0.00027874,0.00003630
6440,0.00003399,0.00027833,0.00003677
6450,0.00003301,0.00027823,0.00003580
6460,0.00003288,0.00027816,0.00003566
6470,0.00003277,0.00027801,0.00003555
6480,0.00003265,0.00027784,0.00003543
6490,0.00003258,0.00027768,0.00003536
6500,0.00003250,0.00027754,0.00003528
6510,0.00003243,0.00027739,0.00003520
6520,0.00003235,0.00027725,0.00003513
6530,0.00003228,0.00027711,0.00003505
6540,0.00003221,0.00027698,0.00003498
6550,0.00003213,0.00027684,0.00003490
6560,0.00003206,0.00027671,0.00003483
6570,0.00003199,0.00027657,0.00003475
6580,0.00003191,0.00027644,0.00003468
6590,0.00003184,0.00027632,0.00003460
6600,0.00003177,0.00027619,0.00003453
6610,0.00003170,0.00027607,0.00003446
6620,0.00003162,0.00027595,0.00003438
6630,0.00003155,0.00027583,0.00003431
6640,0.00003148,0.00027571,0.00003424
6650,0.00003141,0.00027559,0.00003416
6660,0.00003134,0.00027548,0.00003409
6670,0.00003126,0.00027537,0.00003402
6680,0.00003119,0.00027526,0.00003395
6690,0.00003112,0.00027515,0.00003387
6700,0.00003105,0.00027505,0.00003380
6710,0.00003098,0.00027494,0.00003373
6720,0.00003091,0.00027484,0.00003366
6730,0.00003084,0.00027474,0.00003359
6740,0.00003077,0.00027464,0.00003352
6750,0.00003070,0.00027455,0.00003345
6760,0.00003063,0.00027445,0.00003338
6770,0.00003056,0.00027436,0.00003330
6780,0.00003049,0.00027427,0.00003323
6790,0.00003042,0.00027419,0.00003316
6800,0.00003035,0.00027410,0.00003309
6810,0.00003028,0.00027402,0.00003302
6820,0.00003022,0.00027393,0.00003296
6830,0.00003015,0.00027385,0.00003289
6840,0.00003008,0.00027377,0.00003282
6850,0.00003001,0.00027370,0.00003275
6860,0.00002994,0.00027362,0.00003268
6870,0.00002988,0.00027355,0.00003261
6880,0.00002981,0.00027348,0.00003254
6890,0.00002974,0.00027341,0.00003247
6900,0.00002968,0.00027333,0.00003241
6910,0.00003359,0.00027305,0.00003632
6920,0.00004439,0.00027379,0.00004713
6930,0.00004446,0.00027382,0.00004719
6940,0.00002986,0.00027335,0.00003259
6950,0.00003108,0.00027297,0.00003381
6960,0.00002938,0.00027296,0.00003211
6970,0.00002946,0.00027294,0.00003219
6980,0.00002923,0.00027283,0.00003196
6990,0.00002916,0.00027271,0.00003189
7000,0.00002910,0.00027261,0.00003183
7010,0.00002904,0.00027253,0.00003176
7020,0.00002898,0.00027244,0.00003171
7030,0.00002892,0.00027235,0.00003165
7040,0.00002887,0.00027226,0.00003159
7050,0.00002881,0.00027218,0.00003153
7060,0.00002876,0.00027209,0.00003148
7070,0.00002870,0.00027201,0.00003142
7080,0.00002865,0.00027193,0.00003137
7090,0.00002859,0.00027185,0.00003131
7100,0.00002854,0.00027177,0.00003125
7110,0.00002848,0.00027169,0.00003120
7120,0.00002842,0.00027162,0.00003114
7130,0.00002837,0.00027154,0.00003109
7140,0.00002831,0.00027147,0.00003103
7150,0.00002826,0.00027140,0.00003097
7160,0.00002821,0.00027133,0.00003092
7170,0.00002815,0.00027126,0.00003086
7180,0.00002810,0.00027119,0.00003081
7190,0.00002804,0.00027113,0.00003075
7200,0.00002799,0.00027107,0.00003070
7210,0.00002793,0.00027100,0.00003064
7220,0.00002788,0.00027094,0.00003059
7230,0.00002783,0.00027088,0.00003053
7240,0.00002777,0.00027083,0.00003048
7250,0.00002772,0.00027077,0.00003043
7260,0.00002766,0.00027071,0.00003037
7270,0.00002761,0.00027066,0.00003032
7280,0.00002756,0.00027061,0.00003026
7290,0.00002750,0.00027056,0.00003021
7300,0.00002745,0.00027051,0.00003016
7310,0.00002740,0.00027046,0.00003010
7320,0.00002735,0.00027041,0.00003005
7330,0.00002729,0.00027037,0.00003000
7340,0.00002724,0.00027032,0.00002994
7350,0.00002719,0.00027028,0.00002989
7360,0.00002713,0.00027024,0.00002984
7370,0.00002708,0.00027020,0.00002978
7380,0.00002703,0.00027016,0.00002973
7390,0.00002698,0.00027012,0.00002968
7400,0.00002693,0.00027008,0.00002963
7410,0.00002687,0.00027005,0.00002957
7420,0.00002682,0.00027001,0.00002952
7430,0.00002677,0.00026998,0.00002947
7440,0.00002704,0.00027001,0.00002974
7450,0.00009835,0.00027093,0.00010106
7460,0.00004443,0.00027058,0.00004713
7470,0.00002694,0.00026998,0.00002964
7480,0.00002884,0.00026975,0.00003154
7490,0.00002660,0.00026985,0.00002930
7500,0.00002672,0.00026979,0.00002942
7510,0.00002642,0.00026966,0.00002912
7520,0.00002640,0.00026959,0.00002910
7530,0.00002632,0.00026954,0.00002902
7540,0.00002628,0.00026947,0.00002898
7550,0.00002624,0.00026940,0.00002893
7560,0.00002619,0.00026932,0.00002889
7570,0.00002615,0.00026925,0.00002884
7580,0.00002611,0.00026919,0.00002880
7590,0.00002606,0.00026912,0.00002875
7600,0.00002602,0.00026906,0.00002871
7610,0.00002598,0.00026900,0.00002867
7620,0.00002593,0.00026894,0.00002862
7630,0.00002589,0.00026887,0.00002858
7640,0.00002585,0.00026882,0.00002854
7650,0.00002581,0.00026876,0.00002849
7660,0.00002576,0.00026870,0.00002845
7670,0.00002572,0.00026864,0.00002841
7680,0.00002568,0.00026859,0.00002836
7690,0.00002564,0.00026853,0.00002832
7700,0.00002559,0.00026848,0.00002828
7710,0.00002555,0.00026843,0.00002823
7720,0.00002551,0.00026838,0.00002819
7730,0.00002547,0.00026833,0.00002815
7740,0.00002542,0.00026828,0.00002811
7750,0.00002538,0.00026823,0.00002806
7760,0.00002534,0.00026818,0.00002802
7770,0.00002530,0.00026814,0.00002798
7780,0.00002526,0.00026809,0.00002794
7790,0.00002521,0.00026805,0.00002789
7800,0.00002517,0.00026801,0.00002785
7810,0.00002513,0.00026797,0.00002781
7820,0.00002509,0.00026793,0.00002777
7830,0.00002505,0.00026789,0.00002773
7840,0.00002501,0.00026785,0.00002768
7850,0.00002496,0.00026781,0.00002764
7860,0.00002492,0.00026777,0.00002760
7870,0.00002488,0.00026773,0.00002756
7880,0.00002484,0.00026770,0.00002752
7890,0.00002480,0.00026766,0.00002748
7900,0.00002476,0.00026763,0.00002743
7910,0.00002472,0.00026760,0.00002739
7920,0.00002468,0.00026757,0.00002735
7930,0.00002464,0.00026753,0.00002731
7940,0.00002459,0.00026750,0.00002727
7950,0.00002455,0.00026747,0.00002723
7960,0.00002451,0.00026744,0.00002719
7970,0.00002447,0.00026742,0.00002715
7980,0.00002443,0.00026739,0.00002711
7990,0.00002440,0.00026738,0.00002708
8000,0.00003642,0.00026774,0.00003910
8010,0.00005202,0.00026686,0.00005469
8020,0.00002428,0.00026749,0.00002696
8030,0.00002790,0.00026762,0.00003057
8040,0.00002428,0.00026725,0.00002695
8050,0.00002458,0.00026711,0.00002725
8060,0.00002417,0.00026714,0.00002684
8070,0.00002416,0.00026708,0.00002683
8080,0.00002408,0.00026698,0.00002675
8090,0.00002405,0.00026690,0.00002672
8100,0.00002401,0.00026684,0.00002668
8110,0.00002398,0.00026677,0.00002664
8120,0.00002394,0.00026670,0.00002661
8130,0.00002391,0.00026663,0.00002657
8140,0.00002387,0.00026656,0.00002654
8150,0.00002384,0.00026649,0.00002650
8160,0.00002381,0.00026643,0.00002647
8170,0.00002377,0.00026636,0.00002643
8180,0.00002374,0.00026630,0.00002640
8190,0.00002370,0.00026624,0.00002637
8200,0.00002367,0.00026617,0.00002633
8210,0.00002364,0.00026611,0.00002630
8220,0.00002360,0.00026605,0.00002626
8230,0.00002357,0.00026599,0.00002623
8240,0.00002354,0.00026593,0.00002619
8250,0.00002350,0.00026588,0.00002616
8260,0.00002347,0.00026582,0.00002613
8270,0.00002343,0.00026576,0.00002609
8280,0.00002340,0.00026571,0.00002606
8290,0.00002337,0.00026565,0.00002602
8300,0.00002333,0.00026560,0.00002599
8310,0.00002330,0.00026555,0.00002596
8320,0.00002327,0.00026550,0.00002592
8330,0.00002323,0.00026544,0.00002589
8340,0.00002320,0.00026539,0.00002586
8350,0.00002317,0.00026534,0.00002582
8360,0.00002314,0.00026529,0.00002579
8370,0.00002310,0.00026525,0.00002575
8380,0.00002307,0.00026520,0.00002572
8390,0.00002304,0.00026515,0.00002569
8400,0.00002300,0.00026511,0.00002565
8410,0.00002297,0.00026506,0.00002562
8420,0.00002294,0.00026502,0.00002559
8430,0.00002290,0.00026497,0.00002555
8440,0.00002287,0.00026493,0.00002552
8450,0.00002284,0.00026489,0.00002549
8460,0.00002281,0.00026484,0.00002545
8470,0.00002277,0.00026480,0.00002542
8480,0.00002274,0.00026476,0.00002539
8490,0.00002271,0.00026472,0.00002535
8500,0.00002267,0.00026468,0.00002532
8510,0.00002264,0.00026464,0.00002529
8520,0.00002261,0.00026460,0.00002526
8530,0.00002258,0.00026457,0.00002522
8540,0.00002254,0.00026453,0.00002519
8550,0.00002251,0.00026449,0.00002516
8560,0.00002248,0.00026446,0.00002512
8570,0.00002250,0.00026445,0.00002515
8580,0.00006611,0.00026517,0.00006876
8590,0.00002959,0.00026484,0.00003223
8600,0.00002822,0.00026478,0.00003086
8610,0.00002335,0.00026427,0.00002599
8620,0.00002262,0.00026420,0.00002526
8630,0.00002255,0.00026423,0.00002519
8640,0.00002226,0.00026411,0.00002490
8650,0.00002226,0.00026400,0.00002490
8660,0.00002220,0.00026394,0.00002484
8670,0.00002217,0.00026386,0.00002481
8680,0.00002214,0.00026377,0.00002478
8690,0.00002212,0.00026369,0.00002475
8700,0.00002209,0.00026361,0.00002472
8710,0.00002206,0.00026353,0.00002470
8720,0.00002203,0.00026345,0.00002467
8730,0.00002201,0.00026338,0.00002464
8740,0.00002198,0.00026330,0.00002461
8750,0.00002195,0.00026322,0.00002458
8760,0.00002193,0.00026315,0.00002456
8770,0.00002190,0.00026307,0.00002453
8780,0.00002187,0.00026300,0.00002450
8790,0.00002184,0.00026293,0.00002447
8800,0.00002182,0.00026286,0.00002445
8810,0.00002179,0.00026279,0.00002442
8820,0.00002176,0.00026272,0.00002439
8830,0.00002174,0.00026265,0.00002436
8840,0.00002171,0.00026258,0.00002433
8850,0.00002168,0.00026251,0.00002431
8860,0.00002166,0.00026245,0.00002428
8870,0.00002163,0.00026238,0.00002425
8880,0.00002160,0.00026232,0.00002422
8890,0.00002157,0.00026225,0.00002420
8900,0.00002155,0.00026219,0.00002417
8910,0.00002152,0.00026213,0.00002414
8920,0.00002149,0.00026207,0.00002411
8930,0.00002147,0.00026201,0.00002409
8940,0.00002144,0.00026194,0.00002406
8950,0.00002141,0.00026189,0.00002403
8960,0.00002139,0.00026183,0.00002401
8970,0.00002136,0.00026177,0.00002398
8980,0.00002133,0.00026171,0.00002395
8990,0.00002131,0.00026165,0.00002392
9000,0.00002128,0.00026160,0.00002390
9010,0.00002125,0.00026154,0.00002387
9020,0.00002123,0.00026149,0.00002384
9030,0.00002120,0.00026143,0.00002381
9040,0.00002117,0.00026138,0.00002379
9050,0.00002115,0.00026132,0.00002376
9060,0.00002112,0.00026127,0.00002373
9070,0.00002109,0.00026122,0.00002371
9080,0.00002107,0.00026117,0.00002368
9090,0.00002104,0.00026112,0.00002365
9100,0.00002101,0.00026107,0.00002363
9110,0.00002099,0.00026102,0.00002360
9120,0.00002096,0.00026097,0.00002357
9130,0.00002094,0.00026092,0.00002354
9140,0.00002091,0.00026087,0.00002352
9150,0.00002088,0.00026082,0.00002349
9160,0.00002086,0.00026078,0.00002346
9170,0.00002088,0.00026070,0.00002349
9180,0.00005678,0.00025999,0.00005938
9190,0.00002516,0.00026055,0.00002776
9200,0.00002656,0.00026048,0.00002917
9210,0.00002112,0.00026072,0.00002373
9220,0.00002123,0.00026061,0.00002383
9230,0.00002083,0.00026039,0.00002343
9240,0.00002071,0.00026033,0.00002332
9250,0.00002067,0.00026028,0.00002327
9260,0.00002063,0.00026018,0.00002323
9270,0.00002060,0.00026008,0.00002321
9280,0.00002058,0.00025999,0.00002318
9290,0.00002056,0.00025990,0.00002316
9300,0.00002054,0.00025982,0.00002313
9310,0.00002051,0.00025973,0.00002311
9320,0.00002049,0.00025965,0.00002309
9330,0.00002047,0.00025957,0.00002307
9340,0.00002045,0.00025948,0.00002304
9350,0.00002043,0.00025940,0.00002302
9360,0.00002040,0.00025932,0.00002300
9370,0.00002038,0.00025924,0.00002297
9380,0.00002036,0.00025916,0.00002295
9390,0.00002034,0.00025909,0.00002293
9400,0.00002031,0.00025901,0.00002290
9410,0.00002029,0.00025893,0.00002288
9420,0.00002027,0.00025886,0.00002286
9430,0.00002025,0.00025878,0.00002284
9440,0.00002023,0.00025871,0.00002281
9450,0.00002020,0.00025864,0.00002279
9460,0.00002018,0.00025857,0.00002277
9470,0.00002016,0.00025850,0.00002274
9480,0.00002014,0.00025843,0.00002272
9490,0.00002011,0.00025836,0.00002270
9500,0.00002009,0.00025829,0.00002268
9510,0.00002007,0.00025822,0.00002265
9520,0.00002005,0.00025816,0.00002263
9530,0.00002003,0.00025809,0.00002261
9540,0.00002000,0.00025802,0.00002258
9550,0.00001998,0.00025796,0.00002256
9560,0.00001996,0.00025790,0.00002254
9570,0.00001994,0.00025783,0.00002252
9580,0.00001992,0.00025777,0.00002249
9590,0.00001989,0.00025771,0.00002247
9600,0.00001987,0.00025765,0.00002245
9610,0.00001985,0.00025759,0.00002243
9620,0.00001983,0.00025753,0.00002240
9630,0.00001981,0.00025747,0.00002238
9640,0.00001978,0.00025741,0.00002236
9650,0.00001976,0.00025735,0.00002234
9660,0.00001974,0.00025730,0.00002231
9670,0.00001972,0.00025724,0.00002229
9680,0.00001970,0.00025718,0.00002227
9690,0.00001968,0.00025713,0.00002225
9700,0.00001965,0.00025707,0.00002222
9710,0.00001963,0.00025702,0.00002220
9720,0.00001961,0.00025696,0.00002218
9730,0.00001959,0.00025691,0.00002216
9740,0.00001957,0.00025686,0.00002213
9750,0.00001954,0.00025681,0.00002211
9760,0.00001952,0.00025676,0.00002209
9770,0.00001950,0.00025671,0.00002207
9780,0.00002052,0.00025678,0.00002309
9790,0.00001947,0.00025670,0.00002204
9800,0.00002409,0.00025647,0.00002665
9810,0.00002121,0.00025648,0.00002377
9820,0.00002007,0.00025661,0.00002264
9830,0.00001950,0.00025645,0.00002207
9840,0.00001948,0.00025629,0.00002204
9850,0.00001936,0.00025623,0.00002192
9860,0.00001934,0.00025617,0.00002190
9870,0.00001931,0.00025607,0.00002187
9880,0.00001929,0.00025598,0.00002185
9890,0.00001927,0.00025589,0.00002183
9900,0.00001925,0.00025581,0.00002181
9910,0.00001924,0.00025572,0.00002179
9920,0.00001922,0.00025564,0.00002177
9930,0.00001920,0.00025556,0.00002175
9940,0.00001918,0.00025548,0.00002174
9950,0.00001916,0.00025540,0.00002172
9960,0.00001914,0.00025532,0.00002170
9970,0.00001912,0.00025524,0.00002168
9980,0.00001911,0.00025516,0.00002166
9990,0.00001909,0.00025509,0.00002164
10000,0.00001907,0.00025501,0.00002162
10010,0.00001905,0.00025494,0.00002160
10020,0.00001903,0.00025487,0.00002158
10030,0.00001901,0.00025480,0.00002156
10040,0.00001900,0.00025473,0.00002154
10050,0.00001898,0.00025466,0.00002152
10060,0.00001896,0.00025459,0.00002150
10070,0.00001894,0.00025452,0.00002149
10080,0.00001892,0.00025445,0.00002147
10090,0.00001890,0.00025439,0.00002145
10100,0.00001888,0.00025432,0.00002143
10110,0.00001887,0.00025426,0.00002141
10120,0.00001885,0.00025419,0.00002139
10130,0.00001883,0.00025413,0.00002137
10140,0.00001881,0.00025407,0.00002135
10150,0.00001879,0.00025401,0.00002133
10160,0.00001877,0.00025394,0.00002131
10170,0.00001876,0.00025388,0.00002129
10180,0.00001874,0.00025383,0.00002128
10190,0.00001872,0.00025377,0.00002126
10200,0.00001870,0.00025371,0.00002124
10210,0.00001868,0.00025365,0.00002122
10220,0.00001866,0.00025360,0.00002120
10230,0.00001865,0.00025354,0.00002118
10240,0.00001863,0.00025348,0.00002116
10250,0.00001861,0.00025343,0.00002114
10260,0.00001859,0.00025338,0.00002112
10270,0.00001857,0.00025332,0.00002110
10280,0.00001855,0.00025327,0.00002109
10290,0.00001853,0.00025322,0.00002107
10300,0.00001852,0.00025317,0.00002105
10310,0.00001850,0.00025312,0.00002103
10320,0.00001848,0.00025307,0.00002101
10330,0.00001846,0.00025302,0.00002099
10340,0.00001844,0.00025297,0.00002097
10350,0.00001842,0.00025292,0.00002095
10360,0.00001841,0.00025287,0.00002094
10370,0.00001839,0.00025282,0.00002092
10380,0.00001837,0.00025278,0.00002090
10390,0.00001835,0.00025273,0.00002088
10400,0.00001836,0.00025270,0.00002089
10410,0.00004709,0.00025329,0.00004963
10420,0.00002543,0.00025306,0.00002797
10430,0.00002032,0.00025288,0.00002285
10440,0.00001997,0.00025244,0.00002249
10450,0.00001833,0.00025252,0.00002086
10460,0.00001833,0.00025244,0.00002085
10470,0.00001830,0.00025230,0.00002082
10480,0.00001821,0.00025225,0.00002073
10490,0.00001820,0.00025217,0.00002072
10500,0.00001818,0.00025207,0.00002070
10510,0.00001816,0.00025199,0.00002068
10520,0.00001815,0.00025192,0.00002067
10530,0.00001813,0.00025184,0.00002065
10540,0.00001812,0.00025176,0.00002063
10550,0.00001810,0.00025169,0.00002062
10560,0.00001809,0.00025161,0.00002060
10570,0.00001807,0.00025154,0.00002059
10580,0.00001805,0.00025147,0.00002057
10590,0.00001804,0.00025139,0.00002055
10600,0.00001802,0.00025132,0.00002054
10610,0.00001801,0.00025126,0.00002052
10620,0.00001799,0.00025119,0.00002050
10630,0.00001798,0.00025112,0.00002049
10640,0.00001796,0.00025106,0.00002047
10650,0.00001795,0.00025099,0.00002046
10660,0.00001793,0.00025093,0.00002044
10670,0.00001792,0.00025087,0.00002042
10680,0.00001790,0.00025080,0.00002041
10690,0.00001789,0.00025074,0.00002039
10700,0.00001787,0.00025068,0.00002038
10710,0.00001785,0.00025062,0.00002036
10720,0.00001784,0.00025057,0.00002034
10730,0.00001782,0.00025051,0.00002033
10740,0.00001781,0.00025045,0.00002031
10750,0.00001779,0.00025040,0.00002030
10760,0.00001778,0.00025034,0.00002028
10770,0.00001776,0.00025029,0.00002027
10780,0.00001775,0.00025024,0.00002025
10790,0.00001773,0.00025019,0.00002023
10800,0.00001772,0.00025013,0.00002022
10810,0.00001770,0.00025008,0.00002020
10820,0.00001769,0.00025003,0.00002019
10830,0.00001767,0.00024998,0.00002017
10840,0.00001766,0.00024994,0.00002015
10850,0.00001764,0.00024989,0.00002014
10860,0.00001762,0.00024984,0.00002012
10870,0.00001761,0.00024979,0.00002011
10880,0.00001759,0.00024975,0.00002009
10890,0.00001758,0.00024970,0.00002008
10900,0.00001756,0.00024966,0.00002006
10910,0.00001755,0.00024961,0.00002004
10920,0.00001753,0.00024957,0.00002003
10930,0.00001752,0.00024953,0.00002001
10940,0.00001750,0.00024949,0.00002000
10950,0.00001749,0.00024944,0.00001998
10960,0.00001747,0.00024940,0.00001997
10970,0.00001746,0.00024936,0.00001995
10980,0.00001744,0.00024932,0.00001993
10990,0.00001743,0.00024928,0.00001992
11000,0.00001741,0.00024924,0.00001990
11010,0.00001739,0.00024921,0.00001989
11020,0.00001738,0.00024917,0.00001987
11030,0.00001736,0.00024913,0.00001986
11040,0.00001735,0.00024909,0.00001984
11050,0.00001733,0.00024906,0.00001982
11060,0.00001732,0.00024902,0.00001981
11070,0.00001730,0.00024899,0.00001979
11080,0.00001729,0.00024895,0.00001978
11090,0.00001728,0.00024892,0.00001977
11100,0.00002147,0.00024913,0.00002396
11110,0.00003302,0.00024847,0.00003550
11120,0.00001726,0.00024897,0.00001975
11130,0.00001876,0.00024902,0.00002125
11140,0.00001762,0.00024870,0.00002011
11150,0.00001720,0.00024870,0.00001969
11160,0.00001726,0.00024868,0.00001974
11170,0.00001718,0.00024857,0.00001966
11180,0.00001716,0.00024850,0.00001964
11190,0.00001714,0.00024845,0.00001963
11200,0.00001713,0.00024838,0.00001961
11210,0.00001712,0.00024831,0.00001960
11220,0.00001710,0.00024825,0.00001959
11230,0.00001709,0.00024819,0.00001957
11240,0.00001708,0.00024813,0.00001956
11250,0.00001706,0.00024807,0.00001955
11260,0.00001705,0.00024801,0.00001953
11270,0.00001704,0.00024795,0.00001952
11280,0.00001703,0.00024790,0.00001951
11290,0.00001701,0.00024784,0.00001949
11300,0.00001700,0.00024779,0.00001948
11310,0.00001699,0.00024774,0.00001946
11320,0.00001697,0.00024769,0.00001945
11330,0.00001696,0.00024763,0.00001944
11340,0.00001695,0.00024759,0.00001942
11350,0.00001694,0.00024754,0.00001941
11360,0.00001692,0.00024749,0.00001940
11370,0.00001691,0.00024744,0.00001938
11380,0.00001690,0.00024740,0.00001937
11390,0.00001688,0.00024735,0.00001936
11400,0.00001687,0.00024731,0.00001934
11410,0.00001686,0.00024727,0.00001933
11420,0.00001685,0.00024722,0.00001932
11430,0.00001683,0.00024718,0.00001930
11440,0.00001682,0.00024714,0.00001929
11450,0.00001681,0.00024710,0.00001928
11460,0.00001679,0.00024706,0.00001927
11470,0.00001678,0.00024702,0.00001925
11480,0.00001677,0.00024699,0.00001924
11490,0.00001676,0.00024695,0.00001923
11500,0.00001674,0.00024691,0.00001921
11510,0.00001673,0.00024688,0.00001920
11520,0.00001672,0.00024684,0.00001919
11530,0.00001670,0.00024681,0.00001917
11540,0.00001669,0.00024677,0.00001916
11550,0.00001668,0.00024674,0.00001915
11560,0.00001667,0.00024670,0.00001913
11570,0.00001665,0.00024667,0.00001912
11580,0.00001664,0.00024664,0.00001911
11590,0.00001663,0.00024661,0.00001909
11600,0.00001661,0.00024658,0.00001908
11610,0.00001660,0.00024655,0.00001907
11620,0.00001659,0.00024652,0.00001905
11630,0.00001658,0.00024649,0.00001904
11640,0.00001656,0.00024646,0.00001903
11650,0.00001655,0.00024643,0.00001901
11660,0.00001654,0.00024640,0.00001900
11670,0.00001652,0.00024638,0.00001899
11680,0.00001651,0.00024635,0.00001897
11690,0.00001650,0.00024632,0.00001896
11700,0.00001649,0.00024630,0.00001895
11710,0.00001647,0.00024627,0.00001894
11720,0.00001646,0.00024625,0.00001892
11730,0.00001645,0.00024622,0.00001891
11740,0.00001643,0.00024620,0.00001890
11750,0.00001642,0.00024617,0.00001888
11760,0.00001641,0.00024615,0.00001887
11770,0.00001640,0.00024613,0.00001886
11780,0.00001638,0.00024610,0.00001884
11790,0.00001637,0.00024608,0.00001883
11800,0.00001672,0.00024598,0.00001918
11810,0.00001842,0.00024592,0.00002088
11820,0.00001793,0.00024627,0.00002040
11830,0.00001753,0.00024621,0.00001999
11840,0.00001683,0.00024592,0.00001929
11850,0.00001631,0.00024593,0.00001877
11860,0.00001638,0.00024593,0.00001884
11870,0.00001629,0.00024584,0.00001874
11880,0.00001628,0.00024578,0.00001874
11890,0.00001626,0.00024574,0.00001872
11900,0.00001625,0.00024569,0.00001871
11910,0.00001624,0.00024564,0.00001869
11920,0.00001623,0.00024559,0.00001868
11930,0.00001622,0.00024554,0.00001867
11940,0.00001621,0.00024550,0.00001866
11950,0.00001619,0.00024546,0.00001865
11960,0.00001618,0.00024541,0.00001864
11970,0.00001617,0.00024537,0.00001863
11980,0.00001616,0.00024533,0.00001862
11990,0.00001615,0.00024529,0.00001860
12000,0.00001614,0.00024525,0.00001859
12010,0.00001613,0.00024522,0.00001858
12020,0.00001612,0.00024518,0.00001857
12030,0.00001611,0.00024514,0.00001856
12040,0.00001610,0.00024511,0.00001855
12050,0.00001609,0.00024508,0.00001854
12060,0.00001608,0.00024504,0.00001853
12070,0.00001607,0.00024501,0.00001852
12080,0.00001605,0.00024498,0.00001850
12090,0.00001604,0.00024495,0.00001849
12100,0.00001603,0.00024492,0.00001848
12110,0.00001602,0.00024489,0.00001847
12120,0.00001601,0.00024486,0.00001846
12130,0.00001600,0.00024484,0.00001845
12140,0.00001599,0.00024481,0.00001844
12150,0.00001598,0.00024478,0.00001843
12160,0.00001597,0.00024476,0.00001842
12170,0.00001596,0.00024473,0.00001840
12180,0.00001595,0.00024471,0.00001839
12190,0.00001594,0.00024468,0.00001838
12200,0.00001592,0.00024466,0.00001837
12210,0.00001591,0.00024464,0.00001836
12220,0.00001590,0.00024461,0.00001835
12230,0.00001589,0.00024459,0.00001834
12240,0.00001588,0.00024457,0.00001833
12250,0.00001587,0.00024455,0.00001832
12260,0.00001586,0.00024453,0.00001830
12270,0.00001585,0.00024451,0.00001829
12280,0.00001584,0.00024449,0.00001828
12290,0.00001583,0.00024447,0.00001827
12300,0.00001582,0.00024445,0.00001826
12310,0.00001580,0.00024443,0.00001825
12320,0.00001579,0.00024442,0.00001824
12330,0.00001578,0.00024440,0.00001823
12340,0.00001577,0.00024438,0.00001822
12350,0.00001576,0.00024437,0.00001820
12360,0.00001575,0.00024435,0.00001819
12370,0.00001574,0.00024433,0.00001818
12380,0.00001573,0.00024432,0.00001817
12390,0.00001572,0.00024430,0.00001816
12400,0.00001571,0.00024429,0.00001815
12410,0.00001570,0.00024427,0.00001814
12420,0.00001568,0.00024426,0.00001813
12430,0.00001567,0.00024424,0.00001812
12440,0.00001566,0.00024423,0.00001811
12450,0.00001565,0.00024422,0.00001809
12460,0.00001564,0.00024420,0.00001808
12470,0.00001563,0.00024419,0.00001807
12480,0.00001562,0.00024418,0.00001806
12490,0.00001561,0.00024416,0.00001805
12500,0.00001561,0.00024414,0.00001805
12510,0.00002479,0.00024377,0.00002723
12520,0.00001561,0.00024422,0.00001806
12530,0.00001754,0.00024402,0.00001998
12540,0.00001570,0.00024410,0.00001814
12550,0.00001581,0.00024415,0.00001825
12560,0.00001555,0.00024406,0.00001799
12570,0.00001557,0.00024399,0.00001801
12580,0.00001552,0.00024397,0.00001796
12590,0.00001552,0.00024395,0.00001796
12600,0.00001551,0.00024390,0.00001794
12610,0.00001550,0.00024386,0.00001793
12620,0.00001549,0.00024383,0.00001793
12630,0.00001548,0.00024380,0.00001792
12640,0.00001547,0.00024377,0.00001791
12650,0.00001546,0.00024374,0.00001790
12660,0.00001545,0.00024371,0.00001789
12670,0.00001544,0.00024368,0.00001788
12680,0.00001543,0.00024365,0.00001787
12690,0.00001542,0.00024363,0.00001786
12700,0.00001541,0.00024360,0.00001785
12710,0.00001540,0.00024358,0.00001784
12720,0.00001540,0.00024355,0.00001783
12730,0.00001539,0.00024353,0.00001782
12740,0.00001538,0.00024351,0.00001781
12750,0.00001537,0.00024349,0.00001780
12760,0.00001536,0.00024347,0.00001779
12770,0.00001535,0.00024345,0.00001778
12780,0.00001534,0.00024343,0.00001777
12790,0.00001533,0.00024341,0.00001776
12800,0.00001532,0.00024339,0.00001776
12810,0.00001531,0.00024338,0.00001775
12820,0.00001530,0.00024336,0.00001774
12830,0.00001529,0.00024334,0.00001773
12840,0.00001528,0.00024333,0.00001772
12850,0.00001528,0.00024331,0.00001771
12860,0.00001527,0.00024330,0.00001770
12870,0.00001526,0.00024328,0.00001769
12880,0.00001525,0.00024327,0.00001768
12890,0.00001524,0.00024326,0.00001767
12900,0.00001523,0.00024325,0.00001766
12910,0.00001522,0.00024323,0.00001765
12920,0.00001521,0.00024322,0.00001764
12930,0.00001520,0.00024321,0.00001763
12940,0.00001519,0.00024320,0.00001762
12950,0.00001518,0.00024319,0.00001761
12960,0.00001517,0.00024318,0.00001760
12970,0.00001516,0.00024317,0.00001760
12980,0.00001515,0.00024316,0.00001759
12990,0.00001515,0.00024315,0.00001758
13000,0.00001514,0.00024314,0.00001757
13010,0.00001513,0.00024313,0.00001756
13020,0.00001512,0.00024312,0.00001755
13030,0.00001511,0.00024311,0.00001754
13040,0.00001510,0.00024311,0.00001753
13050,0.00001509,0.00024310,0.00001752
13060,0.00001508,0.00024309,0.00001751
13070,0.00001507,0.00024308,0.00001750
13080,0.00001506,0.00024308,0.00001749
13090,0.00001505,0.00024307,0.00001748
13100,0.00001504,0.00024306,0.00001747
13110,0.00001503,0.00024306,0.00001746
13120,0.00001502,0.00024305,0.00001745
13130,0.00001501,0.00024305,0.00001744
13140,0.00001500,0.00024304,0.00001743
13150,0.00001500,0.00024304,0.00001743
13160,0.00001499,0.00024303,0.00001742
13170,0.00001498,0.00024303,0.00001741
13180,0.00001497,0.00024302,0.00001740
13190,0.00001496,0.00024302,0.00001739
13200,0.00001511,0.00024306,0.00001754
13210,0.00001956,0.00024329,0.00002200
13220,0.00001494,0.00024308,0.00001737
13230,0.00001612,0.00024290,0.00001855
13240,0.00001492,0.00024300,0.00001735
13250,0.00001505,0.00024301,0.00001748
13260,0.00001491,0.00024293,0.00001733
13270,0.00001491,0.00024289,0.00001734
13280,0.00001489,0.00024288,0.00001732
13290,0.00001488,0.00024286,0.00001731
13300,0.00001487,0.00024282,0.00001730
13310,0.00001486,0.00024280,0.00001729
13320,0.00001485,0.00024277,0.00001728
13330,0.00001485,0.00024275,0.00001727
13340,0.00001484,0.00024273,0.00001727
13350,0.00001483,0.00024271,0.00001726
13360,0.00001482,0.00024269,0.00001725
13370,0.00001482,0.00024267,0.00001724
13380,0.00001481,0.00024266,0.00001723
13390,0.00001480,0.00024264,0.00001723
13400,0.00001479,0.00024262,0.00001722
13410,0.00001478,0.00024261,0.00001721
13420,0.00001478,0.00024260,0.00001720
13430,0.00001477,0.00024258,0.00001719
13440,0.00001476,0.00024257,0.00001719
13450,0.00001475,0.00024256,0.00001718
13460,0.00001474,0.00024255,0.00001717
13470,0.00001474,0.00024254,0.00001716
13480,0.00001473,0.00024253,0.00001715
13490,0.00001472,0.00024252,0.00001715
13500,0.00001471,0.00024251,0.00001714
13510,0.00001470,0.00024250,0.00001713
13520,0.00001470,0.00024249,0.00001712
13530,0.00001469,0.00024248,0.00001711
13540,0.00001468,0.00024248,0.00001711
13550,0.00001467,0.00024247,0.00001710
13560,0.00001467,0.00024246,0.00001709
13570,0.00001466,0.00024246,0.00001708
13580,0.00001465,0.00024245,0.00001707
13590,0.00001464,0.00024245,0.00001707
13600,0.00001463,0.00024244,0.00001706
13610,0.00001463,0.00024244,0.00001705
13620,0.00001462,0.00024243,0.00001704
13630,0.00001461,0.00024243,0.00001703
13640,0.00001460,0.00024242,0.00001703
13650,0.00001459,0.00024242,0.00001702
13660,0.00001458,0.00024242,0.00001701
13670,0.00001458,0.00024241,0.00001700
13680,0.00001457,0.00024241,0.00001699
13690,0.00001456,0.00024241,0.00001698
13700,0.00001455,0.00024241,0.00001698
13710,0.00001454,0.00024240,0.00001697
13720,0.00001454,0.00024240,0.00001696
13730,0.00001453,0.00024240,0.00001695
13740,0.00001452,0.00024240,0.00001694
13750,0.00001451,0.00024240,0.00001694
13760,0.00001450,0.00024240,0.00001693
13770,0.00001450,0.00024239,0.00001692
13780,0.00001449,0.00024239,0.00001691
13790,0.00001448,0.00024239,0.00001690
13800,0.00001447,0.00024239,0.00001690
13810,0.00001446,0.00024239,0.00001689
13820,0.00001446,0.00024239,0.00001688
13830,0.00001445,0.00024239,0.00001687
13840,0.00001444,0.00024239,0.00001686
13850,0.00001443,0.00024239,0.00001686
13860,0.00001442,0.00024239,0.00001685
13870,0.00001441,0.00024239,0.00001684
13880,0.00001441,0.00024239,0.00001683
13890,0.00001440,0.00024239,0.00001682
13900,0.00001439,0.00024240,0.00001681
13910,0.00001438,0.00024240,0.00001681
13920,0.00001437,0.00024240,0.00001680
13930,0.00001469,0.00024233,0.00001712
13940,0.00001442,0.00024245,0.00001684
13950,0.00001523,0.00024255,0.00001766
13960,0.00001494,0.00024252,0.00001737
13970,0.00001437,0.00024237,0.00001679
13980,0.00001442,0.00024233,0.00001684
13990,0.00001433,0.00024235,0.00001675
14000,0.00001433,0.00024234,0.00001675
14010,0.00001431,0.00024231,0.00001673
14020,0.00001431,0.00024229,0.00001673
14030,0.00001430,0.00024227,0.00001672
14040,0.00001429,0.00024226,0.00001671
14050,0.00001428,0.00024225,0.00001671
14060,0.00001428,0.00024223,0.00001670
14070,0.00001427,0.00024222,0.00001669
14080,0.00001426,0.00024221,0.00001669
14090,0.00001426,0.00024220,0.00001668
14100,0.00001425,0.00024219,0.00001667
14110,0.00001424,0.00024218,0.00001666
14120,0.00001424,0.00024217,0.00001666
14130,0.00001423,0.00024216,0.00001665
14140,0.00001422,0.00024216,0.00001664
14150,0.00001422,0.00024215,0.00001664
14160,0.00001421,0.00024215,0.00001663
14170,0.00001420,0.00024214,0.00001662
14180,0.00001419,0.00024214,0.00001662
14190,0.00001419,0.00024213,0.00001661
14200,0.00001418,0.00024213,0.00001660
14210,0.00001417,0.00024213,0.00001659
14220,0.00001417,0.00024212,0.00001659
14230,0.00001416,0.00024212,0.00001658
14240,0.00001415,0.00024212,0.00001657
14250,0.00001415,0.00024212,0.00001657
14260,0.00001414,0.00024212,0.00001656
14270,0.00001413,0.00024212,0.00001655
14280,0.00001412,0.00024212,0.00001655
14290,0.00001412,0.00024211,0.00001654
14300,0.00001411,0.00024211,0.00001653
14310,0.00001410,0.00024211,0.00001652
14320,0.00001410,0.00024212,0.00001652
14330,0.00001409,0.00024212,0.00001651
14340,0.00001408,0.00024212,0.00001650
14350,0.00001408,0.00024212,0.00001650
14360,0.00001407,0.00024212,0.00001649
14370,0.00001406,0.00024212,0.00001648
14380,0.00001405,0.00024212,0.00001648
14390,0.00001405,0.00024212,0.00001647
14400,0.00001404,0.00024212,0.00001646
14410,0.00001403,0.00024213,0.00001645
14420,0.00001403,0.00024213,0.00001645
14430,0.00001402,0.00024213,0.00001644
14440,0.00001401,0.00024213,0.00001643
14450,0.00001400,0.00024214,0.00001643
14460,0.00001400,0.00024214,0.00001642
14470,0.00001399,0.00024214,0.00001641
14480,0.00001398,0.00024214,0.00001640
14490,0.00001398,0.00024215,0.00001640
14500,0.00001397,0.00024215,0.00001639
14510,0.00001396,0.00024215,0.00001638
14520,0.00001395,0.00024216,0.00001638
14530,0.00001395,0.00024216,0.00001637
14540,0.00001394,0.00024216,0.00001636
14550,0.00001393,0.00024217,0.00001635
14560,0.00001393,0.00024217,0.00001635
14570,0.00001392,0.00024218,0.00001634
14580,0.00001391,0.00024218,0.00001633
14590,0.00001390,0.00024218,0.00001633
14600,0.00001390,0.00024219,0.00001632
14610,0.00001389,0.00024219,0.00001631
14620,0.00001388,0.00024220,0.00001630
14630,0.00001388,0.00024220,0.00001630
14640,0.00001387,0.00024220,0.00001629
14650,0.00001520,0.00024206,0.00001762
14660,0.00001722,0.00024246,0.00001964
14670,0.00001437,0.00024233,0.00001679
14680,0.00001391,0.00024219,0.00001634
14690,0.00001397,0.00024216,0.00001639
14700,0.00001383,0.00024218,0.00001625
14710,0.00001384,0.00024219,0.00001626
14720,0.00001382,0.00024217,0.00001624
14730,0.00001381,0.00024215,0.00001623
14740,0.00001381,0.00024213,0.00001623
14750,0.00001380,0.00024213,0.00001622
14760,0.00001379,0.00024212,0.00001622
14770,0.00001379,0.00024211,0.00001621
14780,0.00001378,0.00024211,0.00001620
14790,0.00001378,0.00024210,0.00001620
14800,0.00001377,0.00024210,0.00001619
14810,0.00001376,0.00024209,0.00001619
14820,0.00001376,0.00024209,0.00001618
14830,0.00001375,0.00024208,0.00001617
14840,0.00001375,0.00024208,0.00001617
14850,0.00001374,0.00024208,0.00001616
14860,0.00001373,0.00024208,0.00001615
14870,0.00001373,0.00024208,0.00001615
14880,0.00001372,0.00024208,0.00001614
14890,0.00001372,0.00024208,0.00001614
14900,0.00001371,0.00024208,0.00001613
14910,0.00001370,0.00024208,0.00001612
14920,0.00001370,0.00024208,0.00001612
14930,0.00001369,0.00024208,0.00001611
14940,0.00001368,0.00024208,0.00001611
14950,0.00001368,0.00024209,0.00001610
14960,0.00001367,0.00024209,0.00001609
14970,0.00001367,0.00024209,0.00001609
14980,0.00001366,0.00024209,0.00001608
14990,0.00001365,0.00024210,0.00001607
15000,0.00001365,0.00024210,0.00001607
15010,0.00001364,0.00024210,0.00001606
15020,0.00001363,0.00024210,0.00001606
15030,0.00001363,0.00024211,0.00001605
15040,0.00001362,0.00024211,0.00001604
15050,0.00001362,0.00024212,0.00001604
15060,0.00001361,0.00024212,0.00001603
15070,0.00001360,0.00024212,0.00001602
15080,0.00001360,0.00024213,0.00001602
15090,0.00001359,0.00024213,0.00001601
15100,0.00001358,0.00024214,0.00001601
15110,0.00001358,0.00024214,0.00001600
15120,0.00001357,0.00024215,0.00001599
15130,0.00001357,0.00024215,0.00001599
15140,0.00001356,0.00024215,0.00001598
15150,0.00001355,0.00024216,0.00001597
15160,0.00001355,0.00024216,0.00001597
15170,0.00001354,0.00024217,0.00001596
15180,0.00001353,0.00024217,0.00001596
15190,0.00001353,0.00024218,0.00001595
15200,0.00001352,0.00024219,0.00001594
15210,0.00001351,0.00024219,0.00001594
15220,0.00001351,0.00024220,0.00001593
15230,0.00001350,0.00024220,0.00001592
15240,0.00001350,0.00024221,0.00001592
15250,0.00001349,0.00024221,0.00001591
15260,0.00001348,0.00024222,0.00001590
15270,0.00001348,0.00024222,0.00001590
15280,0.00001347,0.00024223,0.00001589
15290,0.00001346,0.00024224,0.00001589
15300,0.00001346,0.00024224,0.00001588
15310,0.00001345,0.00024225,0.00001587
15320,0.00001344,0.00024225,0.00001587
15330,0.00001344,0.00024226,0.00001586
15340,0.00001343,0.00024227,0.00001585
15350,0.00001343,0.00024228,0.00001585
15360,0.00001416,0.00024239,0.00001658
15370,0.00001571,0.00024210,0.00001813
15380,0.00001416,0.00024219,0.00001658
15390,0.00001343,0.00024227,0.00001585
15400,0.00001345,0.00024230,0.00001587
15410,0.00001342,0.00024229,0.00001584
15420,0.00001339,0.00024226,0.00001581
15430,0.00001338,0.00024224,0.00001581
15440,0.00001338,0.00024224,0.00001580
15450,0.00001337,0.00024223,0.00001579
15460,0.00001336,0.00024223,0.00001579
15470,0.00001336,0.00024223,0.00001578
15480,0.00001335,0.00024222,0.00001578
15490,0.00001335,0.00024222,0.00001577
15500,0.00001334,0.00024222,0.00001576
15510,0.00001334,0.00024222,0.00001576
15520,0.00001333,0.00024222,0.00001575
15530,0.00001333,0.00024222,0.00001575
15540,0.00001332,0.00024222,0.00001574
15550,0.00001332,0.00024222,0.00001574
15560,0.00001331,0.00024222,0.00001573
15570,0.00001330,0.00024222,0.00001573
15580,0.00001330,0.00024222,0.00001572
15590,0.00001329,0.00024223,0.00001572
15600,0.00001329,0.00024223,0.00001571
15610,0.00001328,0.00024223,0.00001570
15620,0.00001328,0.00024224,0.00001570
15630,0.00001327,0.00024224,0.00001569
15640,0.00001327,0.00024224,0.00001569
15650,0.00001326,0.00024225,0.00001568
15660,0.00001325,0.00024225,0.00001568
15670,0.00001325,0.00024226,0.00001567
15680,0.00001324,0.00024226,0.00001567
15690,0.00001324,0.00024227,0.00001566
15700,0.00001323,0.00024227,0.00001565
15710,0.00001323,0.00024228,0.00001565
15720,0.00001322,0.00024228,0.00001564
15730,0.00001322,0.00024229,0.00001564
15740,0.00001321,0.00024229,0.00001563
15750,0.00001320,0.00024230,0.00001563
15760,0.00001320,0.00024230,0.00001562
15770,0.00001319,0.00024231,0.00001562
15780,0.00001319,0.00024231,0.00001561
15790,0.00001318,0.00024232,0.00001560
15800,0.00001318,0.00024232,0.00001560
15810,0.00001317,0.00024233,0.00001559
15820,0.00001316,0.00024234,0.00001559
15830,0.00001316,0.00024234,0.00001558
15840,0.00001315,0.00024235,0.00001558
15850,0.00001315,0.00024235,0.00001557
15860,0.00001314,0.00024236,0.00001557
15870,0.00001314,0.00024237,0.00001556
15880,0.00001313,0.00024237,0.00001555
15890,0.00001312,0.00024238,0.00001555
15900,0.00001312,0.00024238,0.00001554
15910,0.00001311,0.00024239,0.00001554
15920,0.00001311,0.00024240,0.00001553
15930,0.00001310,0.00024240,0.00001553
15940,0.00001310,0.00024241,0.00001552
15950,0.00001309,0.00024242,0.00001551
15960,0.00001308,0.00024242,0.00001551
15970,0.00001308,0.00024243,0.00001550
15980,0.00001307,0.00024244,0.00001550
15990,0.00001307,0.00024244,0.00001549
16000,0.00001306,0.00024245,0.00001549
16010,0.00001306,0.00024246,0.00001548
16020,0.00001305,0.00024246,0.00001548
16030,0.00001304,0.00024247,0.00001547
16040,0.00001304,0.00024248,0.00001546
16050,0.00001303,0.00024248,0.00001546
16060,0.00001329,0.00024243,0.00001572
16070,0.00001365,0.00024260,0.00001608
16080,0.00001347,0.00024259,0.00001589
16090,0.00001321,0.00024256,0.00001564
16100,0.00001301,0.00024249,0.00001543
16110,0.00001302,0.00024246,0.00001545
16120,0.00001301,0.00024247,0.00001543
16130,0.00001299,0.00024247,0.00001542
16140,0.00001299,0.00024247,0.00001541
16150,0.00001298,0.00024247,0.00001541
16160,0.00001298,0.00024246,0.00001540
16170,0.00001297,0.00024246,0.00001540
16180,0.00001297,0.00024246,0.00001539
16190,0.00001296,0.00024246,0.00001539
16200,0.00001296,0.00024246,0.00001538
16210,0.00001295,0.00024246,0.00001538
16220,0.00001295,0.00024246,0.00001537
16230,0.00001294,0.00024246,0.00001537
16240,0.00001294,0.00024247,0.00001536
16250,0.00001293,0.00024247,0.00001536
16260,0.00001293,0.00024247,0.00001535
16270,0.00001292,0.00024248,0.00001535
16280,0.00001292,0.00024248,0.00001534
16290,0.00001291,0.00024248,0.00001534
16300,0.00001291,0.00024249,0.00001533
16310,0.00001290,0.00024249,0.00001533
16320,0.00001290,0.00024250,0.00001532
16330,0.00001289,0.00024250,0.00001532
16340,0.00001289,0.00024251,0.00001531
16350,0.00001288,0.00024251,0.00001531
16360,0.00001288,0.00024252,0.00001531
16370,0.00001287,0.00024252,0.00001530
16380,0.00001287,0.00024253,0.00001530
16390,0.00001286,0.00024253,0.00001529
16400,0.00001286,0.00024254,0.00001529
16410,0.00001285,0.00024254,0.00001528
16420,0.00001285,0.00024255,0.00001528
16430,0.00001284,0.00024256,0.00001527
16440,0.00001284,0.00024256,0.00001527
16450,0.00001283,0.00024257,0.00001526
16460,0.00001283,0.00024257,0.00001526
16470,0.00001282,0.00024258,0.00001525
16480,0.00001282,0.00024259,0.00001525
16490,0.00001281,0.00024259,0.00001524
16500,0.00001281,0.00024260,0.00001524
16510,0.00001280,0.00024260,0.00001523
16520,0.00001280,0.00024261,0.00001523
16530,0.00001279,0.00024262,0.00001522
16540,0.00001279,0.00024262,0.00001522
16550,0.00001278,0.00024263,0.00001521
16560,0.00001278,0.00024264,0.00001521
16570,0.00001277,0.00024264,0.00001520
16580,0.00001277,0.00024265,0.00001520
16590,0.00001276,0.00024266,0.00001519
16600,0.00001276,0.00024266,0.00001519
16610,0.00001275,0.00024267,0.00001518
16620,0.00001275,0.00024267,0.00001518
16630,0.00001274,0.00024268,0.00001517
16640,0.00001274,0.00024269,0.00001517
16650,0.00001273,0.00024269,0.00001516
16660,0.00001273,0.00024270,0.00001516
16670,0.00001272,0.00024271,0.00001515
16680,0.00001272,0.00024272,0.00001515
16690,0.00001271,0.00024272,0.00001514
16700,0.00001271,0.00024273,0.00001513
16710,0.00001270,0.00024274,0.00001513
16720,0.00001270,0.00024274,0.00001512
16730,0.00001269,0.00024275,0.00001512
16740,0.00001269,0.00024276,0.00001511
16750,0.00001268,0.00024276,0.00001511
16760,0.00001347,0.00024265,0.00001589
16770,0.00001356,0.00024290,0.00001599
16780,0.00001276,0.00024282,0.00001519
16790,0.00001269,0.00024275,0.00001512
16800,0.00001270,0.00024274,0.00001513
16810,0.00001266,0.00024275,0.00001509
16820,0.00001265,0.00024276,0.00001508
16830,0.00001265,0.00024276,0.00001508
16840,0.00001264,0.00024275,0.00001507
16850,0.00001264,0.00024275,0.00001506
16860,0.00001263,0.00024275,0.00001506
16870,0.00001263,0.00024275,0.00001506
16880,0.00001262,0.00024275,0.00001505
16890,0.00001262,0.00024275,0.00001505
16900,0.00001262,0.00024275,0.00001504
16910,0.00001261,0.00024276,0.00001504
16920,0.00001261,0.00024276,0.00001503
16930,0.00001260,0.00024276,0.00001503
16940,0.00001260,0.00024277,0.00001503
16950,0.00001259,0.00024277,0.00001502
16960,0.00001259,0.00024278,0.00001502
16970,0.00001258,0.00024278,0.00001501
16980,0.00001258,0.00024278,0.00001501
16990,0.00001258,0.00024279,0.00001500
17000,0.00001257,0.00024279,0.00001500
17010,0.00001257,0.00024280,0.00001499
17020,0.00001256,0.00024280,0.00001499
17030,0.00001256,0.00024281,0.00001499
17040,0.00001255,0.00024281,0.00001498
17050,0.00001255,0.00024282,0.00001498
17060,0.00001254,0.00024283,0.00001497
17070,0.00001254,0.00024283,0.00001497
17080,0.00001254,0.00024284,0.00001496
17090,0.00001253,0.00024284,0.00001496
17100,0.00001253,0.00024285,0.00001495
17110,0.00001252,0.00024285,0.00001495
17120,0.00001252,0.00024286,0.00001495
17130,0.00001251,0.00024287,0.00001494
17140,0.00001251,0.00024287,0.00001494
17150,0.00001250,0.00024288,0.00001493
17160,0.00001250,0.00024288,0.00001493
17170,0.00001249,0.00024289,0.00001492
17180,0.00001249,0.00024289,0.00001492
17190,0.00001249,0.00024290,0.00001491
17200,0.00001248,0.00024291,0.00001491
17210,0.00001248,0.00024291,0.00001491
17220,0.00001247,0.00024292,0.00001490
17230,0.00001247,0.00024293,0.00001490
17240,0.00001246,0.00024293,0.00001489
17250,0.00001246,0.00024294,0.00001489
17260,0.00001245,0.00024294,0.00001488
17270,0.00001245,0.00024295,0.00001488
17280,0.00001244,0.00024296,0.00001487
17290,0.00001244,0.00024296,0.00001487
17300,0.00001244,0.00024297,0.00001486
17310,0.00001243,0.00024298,0.00001486
17320,0.00001243,0.00024298,0.00001486
17330,0.00001242,0.00024299,0.00001485
17340,0.00001242,0.00024300,0.00001485
17350,0.00001241,0.00024300,0.00001484
17360,0.00001241,0.00024301,0.00001484
17370,0.00001240,0.00024302,0.00001483
17380,0.00001240,0.00024302,0.00001483
17390,0.00001239,0.00024303,0.00001482
17400,0.00001239,0.00024304,0.00001482
17410,0.00001238,0.00024304,0.00001481
17420,0.00001238,0.00024305,0.00001481
17430,0.00001238,0.00024304,0.00001481
17440,0.00001434,0.00024288,0.00001677
17450,0.00001276,0.00024299,0.00001519
17460,0.00001256,0.00024301,0.00001499
17470,0.00001236,0.00024306,0.00001479
17480,0.00001238,0.00024307,0.00001481
17490,0.00001236,0.00024306,0.00001479
17500,0.00001235,0.00024304,0.00001478
17510,0.00001234,0.00024304,0.00001477
17520,0.00001234,0.00024304,0.00001477
17530,0.00001234,0.00024304,0.00001477
17540,0.00001233,0.00024304,0.00001476
17550,0.00001233,0.00024305,0.00001476
17560,0.00001232,0.00024305,0.00001475
17570,0.00001232,0.00024305,0.00001475
17580,0.00001232,0.00024305,0.00001475
17590,0.00001231,0.00024306,0.00001474
17600,0.00001231,0.00024306,0.00001474
17610,0.00001230,0.00024306,0.00001473
17620,0.00001230,0.00024307,0.00001473
17630,0.00001230,0.00024307,0.00001473
17640,0.00001229,0.00024308,0.00001472
17650,0.00001229,0.00024308,0.00001472
17660,0.00001228,0.00024308,0.00001471
17670,0.00001228,0.00024309,0.00001471
17680,0.00001228,0.00024309,0.00001471
17690,0.00001227,0.00024310,0.00001470
17700,0.00001227,0.00024310,0.00001470
17710,0.00001226,0.00024311,0.00001469
17720,0.00001226,0.00024311,0.00001469
17730,0.00001226,0.00024312,0.00001469
17740,0.00001225,0.00024313,0.00001468
17750,0.00001225,0.00024313,0.00001468
17760,0.00001224,0.00024314,0.00001467
17770,0.00001224,0.00024314,0.00001467
17780,0.00001224,0.00024315,0.00001467
17790,0.00001223,0.00024315,0.00001466
17800,0.00001223,0.00024316,0.00001466
17810,0.00001222,0.00024316,0.00001465
17820,0.00001222,0.00024317,0.00001465
17830,0.00001221,0.00024317,0.00001465
17840,0.00001221,0.00024318,0.00001464
17850,0.00001221,0.00024319,0.00001464
17860,0.00001220,0.00024319,0.00001463
17870,0.00001220,0.00024320,0.00001463
17880,0.00001219,0.00024320,0.00001463
17890,0.00001219,0.00024321,0.00001462
17900,0.00001219,0.00024321,0.00001462
17910,0.00001218,0.00024322,0.00001461
17920,0.00001218,0.00024323,0.00001461
17930,0.00001217,0.00024323,0.00001461
17940,0.00001217,0.00024324,0.00001460
17950,0.00001217,0.00024324,0.00001460
17960,0.00001216,0.00024325,0.00001459
17970,0.00001216,0.00024326,0.00001459
17980,0.00001215,0.00024326,0.00001459
17990,0.00001215,0.00024327,0.00001458
18000,0.00001214,0.00024327,0.00001458
18010,0.00001214,0.00024328,0.00001457
18020,0.00001214,0.00024329,0.00001457
18030,0.00001213,0.00024329,0.00001456
18040,0.00001213,0.00024330,0.00001456
18050,0.00001212,0.00024330,0.00001456
18060,0.00001212,0.00024331,0.00001455
18070,0.00001211,0.00024332,0.00001455
18080,0.00001211,0.00024332,0.00001454
18090,0.00001211,0.00024333,0.00001454
18100,0.00001229,0.00024339,0.00001473
18110,0.00001298,0.00024322,0.00001541
18120,0.00001226,0.00024329,0.00001469
18130,0.00001213,0.00024336,0.00001457
18140,0.00001211,0.00024335,0.00001454
18150,0.00001209,0.00024331,0.00001452
18160,0.00001208,0.00024332,0.00001452
18170,0.00001208,0.00024332,0.00001451
18180,0.00001207,0.00024332,0.00001451
18190,0.00001207,0.00024332,0.00001450
18200,0.00001207,0.00024332,0.00001450
18210,0.00001206,0.00024332,0.00001450
18220,0.00001206,0.00024332,0.00001449
18230,0.00001206,0.00024333,0.00001449
18240,0.00001205,0.00024333,0.00001449
18250,0.00001205,0.00024333,0.00001448
18260,0.00001205,0.00024334,0.00001448
18270,0.00001204,0.00024334,0.00001448
18280,0.00001204,0.00024334,0.00001447
18290,0.00001203,0.00024335,0.00001447
18300,0.00001203,0.00024335,0.00001446
18310,0.00001203,0.00024336,0.00001446
18320,0.00001202,0.00024336,0.00001446
18330,0.00001202,0.00024336,0.00001445
18340,0.00001202,0.00024337,0.00001445
18350,0.00001201,0.00024337,0.00001445
18360,0.00001201,0.00024338,0.00001444
18370,0.00001201,0.00024338,0.00001444
18380,0.00001200,0.00024339,0.00001444
18390,0.00001200,0.00024339,0.00001443
18400,0.00001199,0.00024340,0.00001443
18410,0.00001199,0.00024340,0.00001443
18420,0.00001199,0.00024341,0.00001442
18430,0.00001198,0.00024341,0.00001442
18440,0.00001198,0.00024342,0.00001441
18450,0.00001198,0.00024342,0.00001441
18460,0.00001197,0.00024343,0.00001441
18470,0.00001197,0.00024343,0.00001440
18480,0.00001197,0.00024344,0.00001440
18490,0.00001196,0.00024344,0.00001440
18500,0.00001196,0.00024345,0.00001439
18510,0.00001195,0.00024345,0.00001439
18520,0.00001195,0.00024346,0.00001438
18530,0.00001195,0.00024346,0.00001438
18540,0.00001194,0.00024347,0.00001438
18550,0.00001194,0.00024347,0.00001437
18560,0.00001194,0.00024348,0.00001437
18570,0.00001193,0.00024348,0.00001437
18580,0.00001193,0.00024349,0.00001436
18590,0.00001192,0.00024349,0.00001436
18600,0.00001192,0.00024350,0.00001435
18610,0.00001192,0.00024351,0.00001435
18620,0.00001191,0.00024351,0.00001435
18630,0.00001191,0.00024352,0.00001434
18640,0.00001190,0.00024352,0.00001434
18650,0.00001190,0.00024353,0.00001434
18660,0.00001190,0.00024353,0.00001433
18670,0.00001189,0.00024354,0.00001433
18680,0.00001189,0.00024354,0.00001432
18690,0.00001189,0.00024355,0.00001432
18700,0.00001188,0.00024355,0.00001432
18710,0.00001188,0.00024356,0.00001431
18720,0.00001187,0.00024357,0.00001431
18730,0.00001187,0.00024357,0.00001431
18740,0.00001187,0.00024358,0.00001430
18750,0.00001337,0.00024375,0.00001581
18760,0.00001232,0.00024368,0.00001476
18770,0.00001188,0.00024360,0.00001431
18780,0.00001191,0.00024355,0.00001434
18790,0.00001185,0.00024357,0.00001428
18800,0.00001185,0.00024358,0.00001429
18810,0.00001184,0.00024356,0.00001428
18820,0.00001184,0.00024356,0.00001428
18830,0.00001184,0.00024357,0.00001427
18840,0.00001183,0.00024357,0.00001427
18850,0.00001183,0.00024357,0.00001427
18860,0.00001183,0.00024357,0.00001426
18870,0.00001182,0.00024357,0.00001426
18880,0.00001182,0.00024358,0.00001426
18890,0.00001182,0.00024358,0.00001425
18900,0.00001181,0.00024358,0.00001425
18910,0.00001181,0.00024359,0.00001425
18920,0.00001181,0.00024359,0.00001424
18930,0.00001180,0.00024359,0.00001424
18940,0.00001180,0.00024360,0.00001424
18950,0.00001180,0.00024360,0.00001423
18960,0.00001179,0.00024360,0.00001423
18970,0.00001179,0.00024361,0.00001423
18980,0.00001179,0.00024361,0.00001422
18990,0.00001178,0.00024362,0.00001422
19000,0.00001178,0.00024362,0.00001422
19010,0.00001178,0.00024363,0.00001421
19020,0.00001177,0.00024363,0.00001421
19030,0.00001177,0.00024363,0.00001421
19040,0.00001177,0.00024364,0.00001420
19050,0.00001176,0.00024364,0.00001420
19060,0.00001176,0.00024365,0.00001420
19070,0.00001176,0.00024365,0.00001419
19080,0.00001175,0.00024366,0.00001419
19090,0.00001175,0.00024366,0.00001419
19100,0.00001175,0.00024367,0.00001418
19110,0.00001174,0.00024367,0.00001418
19120,0.00001174,0.00024367,0.00001418
19130,0.00001174,0.00024368,0.00001417
19140,0.00001173,0.00024368,0.00001417
19150,0.00001173,0.00024369,0.00001417
19160,0.00001172,0.00024369,0.00001416
19170,0.00001172,0.00024370,0.00001416
19180,0.00001172,0.00024370,0.00001415
19190,0.00001171,0.00024371,0.00001415
19200,0.00001171,0.00024371,0.00001415
19210,0.00001171,0.00024372,0.00001414
19220,0.00001170,0.00024372,0.00001414
19230,0.00001170,0.00024373,0.00001414
19240,0.00001170,0.00024373,0.00001413
19250,0.00001169,0.00024374,0.00001413
19260,0.00001169,0.00024374,0.00001413
19270,0.00001169,0.00024375,0.00001412
19280,0.00001168,0.00024375,0.00001412
19290,0.00001168,0.00024376,0.00001412
19300,0.00001168,0.00024376,0.00001411
19310,0.00001167,0.00024377,0.00001411
19320,0.00001167,0.00024377,0.00001411
19330,0.00001167,0.00024379,0.00001411
19340,0.00001269,0.00024392,0.00001513
19350,0.00001171,0.00024381,0.00001415
19360,0.00001178,0.00024373,0.00001422
19370,0.00001165,0.00024378,0.00001409
19380,0.00001166,0.00024378,0.00001410
19390,0.00001165,0.00024376,0.00001409
19400,0.00001164,0.00024376,0.00001408
19410,0.00001164,0.00024377,0.00001408
19420,0.00001164,0.00024376,0.00001407
19430,0.00001163,0.00024376,0.00001407
19440,0.00001163,0.00024377,0.00001407
19450,0.00001163,0.00024377,0.00001407
19460,0.00001162,0.00024377,0.00001406
19470,0.00001162,0.00024377,0.00001406
19480,0.00001162,0.00024378,0.00001406
19490,0.00001162,0.00024378,0.00001405
19500,0.00001161,0.00024378,0.00001405
19510,0.00001161,0.00024379,0.00001405
19520,0.00001161,0.00024379,0.00001404
19530,0.00001160,0.00024379,0.00001404
19540,0.00001160,0.00024380,0.00001404
19550,0.00001160,0.00024380,0.00001403
19560,0.00001159,0.00024380,0.00001403
19570,0.00001159,0.00024381,0.00001403
19580,0.00001159,0.00024381,0.00001403
19590,0.00001158,0.00024382,0.00001402
19600,0.00001158,0.00024382,0.00001402
19610,0.00001158,0.00024382,0.00001402
19620,0.00001157,0.00024383,0.00001401
19630,0.00001157,0.00024383,0.00001401
19640,0.00001157,0.00024383,0.00001401
19650,0.00001156,0.00024384,0.00001400
19660,0.00001156,0.00024384,0.00001400
19670,0.00001156,0.00024385,0.00001400
19680,0.00001155,0.00024385,0.00001399
19690,0.00001155,0.00024385,0.00001399
19700,0.00001155,0.00024386,0.00001399
19710,0.00001154,0.00024386,0.00001398
19720,0.00001154,0.00024387,0.00001398
19730,0.00001154,0.00024387,0.00001398
19740,0.00001153,0.00024387,0.00001397
19750,0.00001153,0.00024388,0.00001397
19760,0.00001153,0.00024388,0.00001397
19770,0.00001152,0.00024389,0.00001396
19780,0.00001152,0.00024389,0.00001396
19790,0.00001152,0.00024390,0.00001396
19800,0.00001151,0.00024390,0.00001395
19810,0.00001151,0.00024390,0.00001395
19820,0.00001151,0.00024391,0.00001395
19830,0.00001150,0.00024391,0.00001394
19840,0.00001150,0.00024392,0.00001394
19850,0.00001150,0.00024392,0.00001394
19860,0.00001149,0.00024393,0.00001393
19870,0.00001153,0.00024390,0.00001397
19880,0.00001161,0.00024398,0.00001405
19890,0.00001178,0.00024401,0.00001422
19900,0.00001149,0.00024392,0.00001393
19910,0.00001150,0.00024391,0.00001394
19920,0.00001149,0.00024393,0.00001393
19930,0.00001147,0.00024392,0.00001391
19940,0.00001147,0.00024391,0.00001391
19950,0.00001147,0.00024392,0.00001391
19960,0.00001146,0.00024392,0.00001390
19970,0.00001146,0.00024392,0.00001390
19980,0.00001146,0.00024392,0.00001390
19990,0.00001146,0.00024392,0.00001390
